生成启动时间为 2018/6/19 16:28:07。
     1>项目“F:\WingyWork\Study2\ShellAndNameSpace\0202IShellExcuteHook\0202IShellExcuteHook.vcxproj”在节点 2 上(build 个目标)。
     1>InitializeBuildStatus:
         正在对“x64\Debug\0202IShellExcuteHook.unsuccessfulbuild”执行 Touch 任务。
       Midl:
         所有输出均为最新。
       ClCompile:
         所有输出均为最新。
         所有输出均为最新。
         所有输出均为最新。
         所有输出均为最新。
       ResourceCompile:
         C:\Program Files (x86)\Microsoft SDKs\Windows\v7.0A\bin\rc.exe /D _DEBUG /D _UNICODE /D UNICODE /l"0x0804" /Ix64\Debug\ /nologo /fo"x64\Debug\0202IShellExcuteHook.res" 0202IShellExcuteHook.rc 
       ManifestResourceCompile:
         所有输出均为最新。
       Link:
         E:\Program Files (x86)\Microsoft Visual Studio 10.0\VC\bin\x86_amd64\link.exe /ERRORREPORT:PROMPT /OUT:"F:\WingyWork\Study2\ShellAndNameSpace\x64\Debug\0202IShellExcuteHook.dll" /INCREMENTAL /NOLOGO kernel32.lib user32.lib gdi32.lib winspool.lib comdlg32.lib advapi32.lib shell32.lib ole32.lib oleaut32.lib uuid.lib odbc32.lib odbccp32.lib /DEF:".\0202IShellExcuteHook.def" /MANIFEST /ManifestFile:"x64\Debug\0202IShellExcuteHook.dll.intermediate.manifest" /MANIFESTUAC:"level='asInvoker' uiAccess='false'" /DEBUG /PDB:"F:\WingyWork\Study2\ShellAndNameSpace\x64\Debug\0202IShellExcuteHook.pdb" /SUBSYSTEM:WINDOWS /TLBID:1 /DYNAMICBASE /NXCOMPAT /MACHINE:X64 /DLL x64\Debug\0202IShellExcuteHook.res
         x64\Debug\0202IShellExcuteHook.dll.embed.manifest.res
         x64\Debug\0202IShellExcuteHook.obj
         x64\Debug\dllmain.obj
         x64\Debug\My0202IShellExcuteHook_i.obj
         x64\Debug\ShellCopAndExcuteHook.obj
         x64\Debug\stdafx.obj
         0202IShellExcuteHook.vcxproj -> F:\WingyWork\Study2\ShellAndNameSpace\x64\Debug\0202IShellExcuteHook.dll
       Manifest:
         C:\Program Files (x86)\Microsoft SDKs\Windows\v7.0A\bin\mt.exe /nologo /verbose /out:"x64\Debug\0202IShellExcuteHook.dll.embed.manifest" /manifest x64\Debug\0202IShellExcuteHook.dll.intermediate.manifest
         所有输出均为最新。
       LinkEmbedManifest:
         所有输出均为最新。
         0202IShellExcuteHook.vcxproj -> F:\WingyWork\Study2\ShellAndNameSpace\x64\Debug\0202IShellExcuteHook.dll
       RegisterOutput:
         regsvr32 /s "F:\WingyWork\Study2\ShellAndNameSpace\x64\Debug\0202IShellExcuteHook.dll"
       FinalizeBuildStatus:
         正在删除文件“x64\Debug\0202IShellExcuteHook.unsuccessfulbuild”。
         正在对“x64\Debug\0202IShellExcuteHook.lastbuildstate”执行 Touch 任务。
     1>已完成生成项目“F:\WingyWork\Study2\ShellAndNameSpace\0202IShellExcuteHook\0202IShellExcuteHook.vcxproj”(build 个目标)的操作。

生成成功。

已用时间 00:00:00.27
